2023.09.15 11:17:32 INFO  Started: Metals version 1.0.1 in folders '/Users/ryosukekubota/practice/slack-labor' for client Visual Studio Code 1.82.0.[0m
9 15, 2023 11:17:32 åˆå‰ org.flywaydb.core.internal.license.VersionPrinter printVersionOnly
æƒ…å ±: Flyway Community Edition 9.21.2 by Redgate
9 15, 2023 11:17:32 åˆå‰ org.flywaydb.core.internal.license.VersionPrinter printVersion
æƒ…å ±: See release notes here: https://rd.gt/416ObMi
9 15, 2023 11:17:32 åˆå‰ org.flywaydb.core.internal.license.VersionPrinter printVersion
æƒ…å ±: 
9 15, 2023 11:17:32 åˆå‰ org.flywaydb.core.FlywayExecutor execute
æƒ…å ±: Database: jdbc:h2:file:/Users/ryosukekubota/practice/slack-labor/.metals/metals (H2 2.1)
9 15, 2023 11:17:32 åˆå‰ org.flywaydb.core.internal.schemahistory.JdbcTableSchemaHistory allAppliedMigrations
æƒ…å ±: Schema history table "PUBLIC"."flyway_schema_history" does not exist yet
9 15, 2023 11:17:32 åˆå‰ org.flywaydb.core.internal.command.DbValidate validate
æƒ…å ±: Successfully validated 4 migrations (execution time 00:00.026s)
9 15, 2023 11:17:32 åˆå‰ org.flywaydb.core.internal.schemahistory.JdbcTableSchemaHistory create
æƒ…å ±: Creating Schema History table "PUBLIC"."flyway_schema_history" ...
9 15, 2023 11:17:32 åˆå‰ org.flywaydb.core.internal.command.DbMigrate migrateGroup
æƒ…å ±: Current version of schema "PUBLIC": << Empty Schema >>
9 15, 2023 11:17:32 åˆå‰ org.flywaydb.core.internal.command.DbMigrate doMigrateGroup
æƒ…å ±: Migrating schema "PUBLIC" to version "1 - Create tables"
9 15, 2023 11:17:33 åˆå‰ org.flywaydb.core.internal.command.DbMigrate doMigrateGroup
æƒ…å ±: Migrating schema "PUBLIC" to version "2 - Server discovery"
9 15, 2023 11:17:33 åˆå‰ org.flywaydb.core.internal.command.DbMigrate doMigrateGroup
æƒ…å ±: Migrating schema "PUBLIC" to version "3 - Jar symbols"
9 15, 2023 11:17:33 åˆå‰ org.flywaydb.core.internal.command.DbMigrate doMigrateGroup
æƒ…å ±: Migrating schema "PUBLIC" to version "4 - Fingerprints"
9 15, 2023 11:17:33 åˆå‰ org.flywaydb.core.internal.command.DbMigrate logSummary
æƒ…å ±: Successfully applied 4 migrations to schema "PUBLIC", now at version v4 (execution time 00:00.031s)
2023.09.15 11:17:33 INFO  time: initialize in 0.95s[0m
2023.09.15 11:17:33 WARN  Build server is not auto-connectable.[0m
2023.09.15 11:19:04 WARN  no build target for: /Users/ryosukekubota/practice/slack-labor/build.sbt[0m
2023.09.15 11:19:08 INFO  no build target found for /Users/ryosukekubota/practice/slack-labor/build.sbt. Using presentation compiler with project's scala-library version: 3.3.0[0m
9 15, 2023 11:19:08 åˆå‰ org.eclipse.lsp4j.jsonrpc.RemoteEndpoint handleCancellation
è­¦å‘Š: Unmatched cancel notification for request id 1
9 15, 2023 11:19:08 åˆå‰ org.eclipse.lsp4j.jsonrpc.RemoteEndpoint handleCancellation
è­¦å‘Š: Unmatched cancel notification for request id 6
9 15, 2023 11:19:08 åˆå‰ org.eclipse.lsp4j.jsonrpc.RemoteEndpoint handleCancellation
è­¦å‘Š: Unmatched cancel notification for request id 2
2023.09.15 11:19:08 INFO  Shutting down server[0m
2023.09.15 11:19:08 INFO  shutting down Metals[0m
9 15, 2023 11:19:10 åˆå‰ org.flywaydb.core.FlywayExecutor execute
æƒ…å ±: Database: jdbc:h2:file:/Users/ryosukekubota/practice/slack-labor/.metals/metals (H2 2.1)
9 15, 2023 11:19:10 åˆå‰ org.flywaydb.core.internal.command.DbValidate validate
æƒ…å ±: Successfully validated 4 migrations (execution time 00:00.011s)
9 15, 2023 11:19:10 åˆå‰ org.flywaydb.core.internal.command.DbMigrate migrateGroup
æƒ…å ±: Current version of schema "PUBLIC": 4
9 15, 2023 11:19:10 åˆå‰ org.flywaydb.core.internal.command.DbMigrate logSummary
æƒ…å ±: Schema "PUBLIC" is up to date. No migration necessary.
2023.09.15 11:19:11 INFO  time: code lens generation in 2.25s[0m
2023.09.15 11:19:11 INFO  Exiting server[0m
